<?xml version="1.0" encoding="UTF-8"?>
<testng-results ignored="0" total="1" passed="1" failed="0" skipped="0">
  <reporter-output>
  </reporter-output>
  <suite started-at="2024-01-16T23:32:26 IST" name="Default suite" finished-at="2024-01-16T23:32:32 IST" duration-ms="6065">
    <groups>
    </groups>
    <test started-at="2024-01-16T23:32:26 IST" name="Default test" finished-at="2024-01-16T23:32:32 IST" duration-ms="6065">
      <class name="com.ebank.testcase.TC_01_loginTest">
        <test-method is-config="true" signature="setUp()[pri:0, instance:com.ebank.testcase.TC_01_loginTest@293a5bf6]" started-at="2024-01-16T23:32:26 IST" name="setUp" finished-at="2024-01-16T23:32:30 IST" duration-ms="4357" status="PASS">
          <reporter-output>
          </reporter-output>
        </test-method> <!-- setUp -->
        <test-method signature="loginTest()[pri:0, instance:com.ebank.testcase.TC_01_loginTest@293a5bf6]" started-at="2024-01-16T23:32:30 IST" name="loginTest" finished-at="2024-01-16T23:32:32 IST" duration-ms="1501" status="PASS">
          <reporter-output>
          </reporter-output>
        </test-method> <!-- loginTest -->
        <test-method is-config="true" signature="tearDown()[pri:0, instance:com.ebank.testcase.TC_01_loginTest@293a5bf6]" started-at="2024-01-16T23:32:32 IST" name="tearDown" finished-at="2024-01-16T23:32:32 IST" duration-ms="152" status="PASS">
          <reporter-output>
          </reporter-output>
        </test-method> <!-- tearDown -->
      </class> <!-- com.ebank.testcase.TC_01_loginTest -->
    </test> <!-- Default test -->
  </suite> <!-- Default suite -->
</testng-results>
