<?xml version="1.0" encoding="UTF-8"?>
<testng-results ignored="0" total="1" passed="1" failed="0" skipped="0">
  <reporter-output>
  </reporter-output>
  <suite started-at="2024-01-17T17:42:38 IST" name="Default suite" finished-at="2024-01-17T17:42:47 IST" duration-ms="8514">
    <groups>
    </groups>
    <test started-at="2024-01-17T17:42:38 IST" name="Default test" finished-at="2024-01-17T17:42:47 IST" duration-ms="8514">
      <class name="com.ebank.testcase.TC_01_loginTest">
        <test-method is-config="true" signature="setUp()[pri:0, instance:com.ebank.testcase.TC_01_loginTest@48f2bd5b]" started-at="2024-01-17T17:42:39 IST" name="setUp" finished-at="2024-01-17T17:42:45 IST" duration-ms="6054" status="PASS">
          <reporter-output>
          </reporter-output>
        </test-method> <!-- setUp -->
        <test-method signature="loginTest()[pri:0, instance:com.ebank.testcase.TC_01_loginTest@48f2bd5b]" started-at="2024-01-17T17:42:45 IST" name="loginTest" finished-at="2024-01-17T17:42:47 IST" duration-ms="2139" status="PASS">
          <reporter-output>
          </reporter-output>
        </test-method> <!-- loginTest -->
        <test-method is-config="true" signature="tearDown()[pri:0, instance:com.ebank.testcase.TC_01_loginTest@48f2bd5b]" started-at="2024-01-17T17:42:47 IST" name="tearDown" finished-at="2024-01-17T17:42:47 IST" duration-ms="206" status="PASS">
          <reporter-output>
          </reporter-output>
        </test-method> <!-- tearDown -->
      </class> <!-- com.ebank.testcase.TC_01_loginTest -->
    </test> <!-- Default test -->
  </suite> <!-- Default suite -->
</testng-results>
